{"/Users/Lorenzo/Documents/Studio/NodeJS/stephen-grider-course/app/server/index.js":{"path":"/Users/Lorenzo/Documents/Studio/NodeJS/stephen-grider-course/app/server/index.js","s":{"1":1,"2":1,"3":1,"4":1,"5":1,"6":2,"7":1,"8":1,"9":1,"10":1,"11":1},"b":{"1":[1,1]},"f":{"1":1,"2":1},"fnMap":{"1":{"name":"(anonymous_1)","line":10,"loc":{"start":{"line":10,"column":8},"end":{"line":10,"column":34}}},"2":{"name":"(anonymous_2)","line":14,"loc":{"start":{"line":14,"column":17},"end":{"line":14,"column":27}}}},"statementMap":{"1":{"start":{"line":1,"column":0},"end":{"line":1,"column":35}},"2":{"start":{"line":2,"column":0},"end":{"line":2,"column":22}},"3":{"start":{"line":3,"column":0},"end":{"line":3,"column":38}},"4":{"start":{"line":4,"column":0},"end":{"line":4,"column":47}},"5":{"start":{"line":6,"column":0},"end":{"line":8,"column":3}},"6":{"start":{"line":7,"column":2},"end":{"line":7,"column":33}},"7":{"start":{"line":10,"column":0},"end":{"line":12,"column":3}},"8":{"start":{"line":11,"column":2},"end":{"line":11,"column":48}},"9":{"start":{"line":14,"column":0},"end":{"line":16,"column":3}},"10":{"start":{"line":15,"column":2},"end":{"line":15,"column":38}},"11":{"start":{"line":18,"column":0},"end":{"line":18,"column":21}}},"branchMap":{"1":{"line":3,"type":"binary-expr","locations":[{"start":{"line":3,"column":13},"end":{"line":3,"column":29}},{"start":{"line":3,"column":33},"end":{"line":3,"column":37}}]}}},"/Users/Lorenzo/Documents/Studio/NodeJS/stephen-grider-course/app/server/fake_db/fake_obj.js":{"path":"/Users/Lorenzo/Documents/Studio/NodeJS/stephen-grider-course/app/server/fake_db/fake_obj.js","s":{"1":1},"b":{},"f":{},"fnMap":{},"statementMap":{"1":{"start":{"line":1,"column":0},"end":{"line":12,"column":1}}},"branchMap":{}}}